#
# There is insufficient memory for the Java Runtime Environment to continue.
# Native memory allocation (malloc) failed to allocate 1122816 bytes for Chunk::new
# Possible reasons:
#   The system is out of physical RAM or swap space
#   The process is running with CompressedOops enabled, and the Java Heap may be blocking the growth of the native heap
# Possible solutions:
#   Reduce memory load on the system
#   Increase physical memory or swap space
#   Check if swap backing store is full
#   Decrease Java heap size (-Xmx/-Xms)
#   Decrease number of Java threads
#   Decrease Java thread stack sizes (-Xss)
#   Set larger code cache with -XX:ReservedCodeCacheSize=
#   JVM is running with Unscaled Compressed Oops mode in which the Java heap is
#     placed in the first 4GB address space. The Java Heap base address is the
#     maximum limit for the native heap growth. Please use -XX:HeapBaseMinAddress
#     to set the Java Heap base and to place the Java Heap above 4GB virtual address.
# This output file may be truncated or incomplete.
#
#  Out of Memory Error (allocation.cpp:389), pid=5544, tid=0x0000000000003cf0
#
# JRE version: OpenJDK Runtime Environment (8.0_212-b04) (build 1.8.0_212-release-1586-b04)
# Java VM: OpenJDK 64-Bit Server VM (25.212-b04 mixed mode windows-amd64 compressed oops)
# Failed to write core dump. Minidumps are not enabled by default on client versions of Windows
#

---------------  T H R E A D  ---------------

Current thread (0x00000000163e3000):  JavaThread "C2 CompilerThread0" daemon [_thread_in_native, id=15600, stack(0x0000000017450000,0x0000000017550000)]

Stack: [0x0000000017450000,0x0000000017550000]
[error occurred during error reporting (printing stack bounds), id 0xc0000005]

Native frames: (J=compiled Java code, j=interpreted, Vv=VM code, C=native code)


Current CompileTask:
C2:2358653 21830       4       com.android.tools.r8.u.b.g1::a (186 bytes)


---------------  P R O C E S S  ---------------

Java Threads: ( => current thread )
  0x00000000218cf800 JavaThread "WorkerExecutor Queue Thread 4" [_thread_blocked, id=20940, stack(0x000000002b8f0000,0x000000002b9f0000)]
  0x00000000218d7800 JavaThread "Cache worker for Java compile cache (C:\Users\christ\AndroidStudioProjects\MyBook\.gradle\5.6.4\javaCompile)" [_thread_blocked, id=11488, stack(0x0000000029ce0000,0x0000000029de0000)]
  0x00000000218cc800 JavaThread "Cache worker for Java compile cache (C:\Users\christ\.gradle\caches\5.6.4\javaCompile)" [_thread_blocked, id=14456, stack(0x00000000233f0000,0x00000000234f0000)]
  0x00000000218d3000 JavaThread "WorkerExecutor Queue Thread 3" [_thread_blocked, id=20832, stack(0x00000000239f0000,0x0000000023af0000)]
  0x00000000218ce800 JavaThread "stdout" [_thread_in_native, id=16800, stack(0x00000000238f0000,0x00000000239f0000)]
  0x00000000218cb000 JavaThread "stderr" [_thread_in_native, id=18324, stack(0x00000000237f0000,0x00000000238f0000)]
  0x00000000218d1000 JavaThread "stdout" [_thread_in_native, id=15620, stack(0x00000000236f0000,0x00000000237f0000)]
  0x00000000218d1800 JavaThread "stderr" [_thread_in_native, id=10416, stack(0x00000000235f0000,0x00000000236f0000)]
  0x00000000218c9800 JavaThread "pool-5-thread-1" [_thread_blocked, id=19748, stack(0x00000000234f0000,0x00000000235f0000)]
  0x00000000218d0000 JavaThread "Cache worker for execution history cache (C:\Users\christ\AndroidStudioProjects\MyBook\.gradle\5.6.4\executionHistory)" [_thread_blocked, id=21036, stack(0x00000000230f0000,0x00000000231f0000)]
  0x00000000193dd800 JavaThread "Execution worker for ':'" [_thread_in_Java, id=6036, stack(0x0000000022ff0000,0x00000000230f0000)]
  0x000000001888a800 JavaThread "Cache worker for file content cache (C:\Users\christ\AndroidStudioProjects\MyBook\.gradle\5.6.4\fileContent)" [_thread_blocked, id=9936, stack(0x0000000022ef0000,0x0000000022ff0000)]
  0x000000001888f800 JavaThread "Cache worker for file content cache (C:\Users\christ\.gradle\caches\5.6.4\fileContent)" [_thread_blocked, id=17172, stack(0x0000000022df0000,0x0000000022ef0000)]
  0x00000000193dc800 JavaThread "Cache worker for Build Output Cleanup Cache (C:\Users\christ\AndroidStudioProjects\MyBook\.gradle\buildOutputCleanup)" [_thread_blocked, id=13880, stack(0x00000000224f0000,0x00000000225f0000)]
  0x00000000193dc000 JavaThread "Build operations Thread 2" [_thread_blocked, id=17164, stack(0x00000000223f0000,0x00000000224f0000)]
  0x00000000193db000 JavaThread "Build operations" [_thread_blocked, id=16068, stack(0x0000000020ea0000,0x0000000020fa0000)]
  0x00000000193da800 JavaThread "Cache worker for cache directory md-rule (C:\Users\christ\.gradle\caches\5.6.4\md-rule)" [_thread_blocked, id=20948, stack(0x000000001fea0000,0x000000001ffa0000)]
  0x00000000193d9800 JavaThread "Cache worker for cache directory md-supplier (C:\Users\christ\.gradle\caches\5.6.4\md-supplier)" [_thread_blocked, id=21432, stack(0x000000001f5a0000,0x000000001f6a0000)]
  0x00000000193d2000 JavaThread "Cache worker for file hash cache (C:\Users\christ\AndroidStudioProjects\MyBook\.gradle\5.6.4\fileHashes)" [_thread_blocked, id=4644, stack(0x000000001f4a0000,0x000000001f5a0000)]
  0x00000000193d9000 JavaThread "Thread-26" [_thread_blocked, id=12912, stack(0x000000001d770000,0x000000001d870000)]
  0x00000000193d8000 JavaThread "Asynchronous log dispatcher for DefaultDaemonConnection: socket connection from /127.0.0.1:14066 to /127.0.0.1:14414" [_thread_blocked, id=17844, stack(0x000000001cd70000,0x000000001ce70000)]
  0x00000000193d7800 JavaThread "Daemon worker Thread 2" [_thread_in_Java, id=9360, stack(0x000000001a5d0000,0x000000001a6d0000)]
  0x00000000193d0000 JavaThread "Cancel handler" [_thread_blocked, id=14796, stack(0x000000001a3d0000,0x000000001a4d0000)]
  0x00000000193d3800 JavaThread "Handler for socket connection from /127.0.0.1:14066 to /127.0.0.1:14414" [_thread_in_native, id=20504, stack(0x000000001a2d0000,0x000000001a3d0000)]
  0x00000000193ce800 JavaThread "Daemon Thread 2" [_thread_blocked, id=17496, stack(0x000000001a1d0000,0x000000001a2d0000)]
  0x00000000193d3000 JavaThread "Memory manager" [_thread_blocked, id=11600, stack(0x0000000020ba0000,0x0000000020ca0000)]
  0x00000000193cf000 JavaThread "Cache worker for execution history cache (C:\Users\christ\.gradle\caches\5.6.4\executionHistory)" [_thread_blocked, id=5552, stack(0x000000001d970000,0x000000001da70000)]
  0x0000000018891000 JavaThread "Cache worker for journal cache (C:\Users\christ\.gradle\caches\journal-1)" [_thread_blocked, id=17468, stack(0x000000001aad0000,0x000000001abd0000)]
  0x0000000018890800 JavaThread "File lock request listener" [_thread_in_native, id=21424, stack(0x000000001a9d0000,0x000000001aad0000)]
  0x00000000189c1800 JavaThread "Cache worker for file hash cache (C:\Users\christ\.gradle\caches\5.6.4\fileHashes)" [_thread_blocked, id=11432, stack(0x000000001a8d0000,0x000000001a9d0000)]
  0x000000001799e000 JavaThread "Daemon periodic checks" [_thread_blocked, id=2292, stack(0x0000000019cd0000,0x0000000019dd0000)]
  0x0000000017970000 JavaThread "Incoming local TCP Connector on port 14066" [_thread_in_native, id=10896, stack(0x0000000019a60000,0x0000000019b60000)]
  0x0000000018012000 JavaThread "Daemon health stats" [_thread_blocked, id=14212, stack(0x0000000019420000,0x0000000019520000)]
  0x000000001645e000 JavaThread "Service Thread" daemon [_thread_blocked, id=11508, stack(0x0000000017650000,0x0000000017750000)]
  0x00000000163e5800 JavaThread "C1 CompilerThread1" daemon [_thread_blocked, id=6712, stack(0x0000000017550000,0x0000000017650000)]
=>0x00000000163e3000 JavaThread "C2 CompilerThread0" daemon [_thread_in_native, id=15600, stack(0x0000000017450000,0x0000000017550000)]
  0x00000000163f3800 JavaThread "Attach Listener" daemon [_thread_blocked, id=12692, stack(0x0000000017350000,0x0000000017450000)]
  0x00000000163f0800 JavaThread "Signal Dispatcher" daemon [_thread_blocked, id=9732, stack(0x0000000017250000,0x0000000017350000)]
  0x0000000002cb5000 JavaThread "Finalizer" daemon [_thread_blocked, id=12656, stack(0x0000000017020000,0x0000000017120000)]
  0x00000000163d7800 JavaThread "Reference Handler" daemon [_thread_blocked, id=4516, stack(0x0000000016f20000,0x0000000017020000)]
  0x00000000029cd800 JavaThread "main" [_thread_blocked, id=20712, stack(0x0000000002ac0000,0x0000000002bc0000)]

Other Threads:
  0x00000000163b4800 VMThread [stack: 0x0000000016e20000,0x0000000016f20000] [id=20140]
  0x0000000016460000 WatcherThread [stack: 0x0000000017750000,0x0000000017850000] [id=12860]

VM state:not at safepoint (normal execution)

VM Mutex/Monitor currently owned by a thread: None

heap address: 0x00000000a0000000, size: 1536 MB, Compressed Oops mode: 32-bit
Narrow klass base: 0x0000000000000000, Narrow klass shift: 3
Compressed class space size: 1073741824 Address: 0x0000000100000000

Heap:
 PSYoungGen      total 472576K, used 359411K [0x00000000e0000000, 0x0000000100000000, 0x0000000100000000)
  eden space 420864K, 80% used [0x00000000e0000000,0x00000000f491be98,0x00000000f9b00000)
  from space 51712K, 43% used [0x00000000f9b00000,0x00000000fb0e1148,0x00000000fcd80000)
  to   space 49152K, 0% used [0x00000000fd000000,0x00000000fd000000,0x0000000100000000)
 ParOldGen       total 114176K, used 67047K [0x00000000a0000000, 0x00000000a6f80000, 0x00000000e0000000)
  object space 114176K, 58% used [0x00000000a0000000,0x00000000a4179fd8,0x00000000a6f80000)
 Metaspace       used 135781K, capacity 140295K, committed 140824K, reserved 1171456K
  class space    used 17188K, capacity 18092K, committed 18200K, reserved 1048576K

Card table byte_map: [0x0000000012080000,0x0000000012390000] byte_map_base: 0x0000000011b80000

Marking Bits: (ParMarkBitMap*) 0x0000000055a29f30
 Begin Bits: [0x0000000012790000, 0x0000000013f90000)
 End Bits:   [0x0000000013f90000, 0x0000000015790000)

Polling page: 0x0000000000c90000

CodeCache: size=245760Kb used=59803Kb max_used=60682Kb free=185956Kb
 bounds [0x0000000002cc0000, 0x0000000006880000, 0x0000000011cc0000]
 total_blobs=18813 nmethods=17840 adapters=885
 compilation: enabled

Compilation events (10 events):
Event: 2358.223 Thread 0x00000000163e5800 21827       2       com.android.tools.r8.ir.optimize.h$c::a (7 bytes)
Event: 2358.224 Thread 0x00000000163e5800 nmethod 21827 0x000000000388c6d0 code [0x000000000388c820, 0x000000000388c990]
Event: 2358.230 Thread 0x00000000163e5800 21829       2       com.android.tools.r8.ir.optimize.h$c::a (7 bytes)
Event: 2358.230 Thread 0x00000000163e3000 nmethod 21555% 0x000000000685a7d0 code [0x000000000685bb40, 0x00000000068638e0]
Event: 2358.230 Thread 0x00000000163e5800 nmethod 21829 0x00000000039ea350 code [0x00000000039ea4a0, 0x00000000039ea610]
Event: 2358.231 Thread 0x00000000163e3000 21810       4       com.android.tools.r8.ir.optimize.h::c (259 bytes)
Event: 2358.233 Thread 0x00000000163e5800 21828       2       com.android.tools.r8.ir.optimize.h$c::a (7 bytes)
Event: 2358.233 Thread 0x00000000163e5800 nmethod 21828 0x0000000003e87190 code [0x0000000003e872e0, 0x0000000003e87430]
Event: 2358.329 Thread 0x00000000163e3000 nmethod 21810 0x00000000034fd710 code [0x00000000034fda00, 0x00000000034ff3d0]
Event: 2358.332 Thread 0x00000000163e3000 21830       4       com.android.tools.r8.u.b.g1::a (186 bytes)

GC Heap History (10 events):
Event: 2316.151 GC heap before
{Heap before GC invocations=19 (full 3):
 PSYoungGen      total 415744K, used 413759K [0x00000000e0000000, 0x00000000fea00000, 0x0000000100000000)
  eden space 387072K, 100% used [0x00000000e0000000,0x00000000f7a00000,0x00000000f7a00000)
  from space 28672K, 93% used [0x00000000f7a00000,0x00000000f940fc08,0x00000000f9600000)
  to   space 32256K, 0% used [0x00000000fca80000,0x00000000fca80000,0x00000000fea00000)
 ParOldGen       total 81408K, used 47502K [0x00000000a0000000, 0x00000000a4f80000, 0x00000000e0000000)
  object space 81408K, 58% used [0x00000000a0000000,0x00000000a2e63a40,0x00000000a4f80000)
 Metaspace       used 93487K, capacity 97382K, committed 97560K, reserved 1134592K
  class space    used 11950K, capacity 12757K, committed 12824K, reserved 1048576K
Event: 2316.287 GC heap after
Heap after GC invocations=19 (full 3):
 PSYoungGen      total 461824K, used 32245K [0x00000000e0000000, 0x00000000ffb00000, 0x0000000100000000)
  eden space 429568K, 0% used [0x00000000e0000000,0x00000000e0000000,0x00000000fa380000)
  from space 32256K, 99% used [0x00000000fca80000,0x00000000fe9fd7f8,0x00000000fea00000)
  to   space 39936K, 0% used [0x00000000fa380000,0x00000000fa380000,0x00000000fca80000)
 ParOldGen       total 81408K, used 54326K [0x00000000a0000000, 0x00000000a4f80000, 0x00000000e0000000)
  object space 81408K, 66% used [0x00000000a0000000,0x00000000a350db98,0x00000000a4f80000)
 Metaspace       used 93487K, capacity 97382K, committed 97560K, reserved 1134592K
  class space    used 11950K, capacity 12757K, committed 12824K, reserved 1048576K
}
Event: 2316.462 GC heap before
{Heap before GC invocations=20 (full 3):
 PSYoungGen      total 461824K, used 37904K [0x00000000e0000000, 0x00000000ffb00000, 0x0000000100000000)
  eden space 429568K, 1% used [0x00000000e0000000,0x00000000e0586898,0x00000000fa380000)
  from space 32256K, 99% used [0x00000000fca80000,0x00000000fe9fd7f8,0x00000000fea00000)
  to   space 39936K, 0% used [0x00000000fa380000,0x00000000fa380000,0x00000000fca80000)
 ParOldGen       total 81408K, used 54326K [0x00000000a0000000, 0x00000000a4f80000, 0x00000000e0000000)
  object space 81408K, 66% used [0x00000000a0000000,0x00000000a350db98,0x00000000a4f80000)
 Metaspace       used 94587K, capacity 98438K, committed 98600K, reserved 1134592K
  class space    used 12072K, capacity 12853K, committed 12952K, reserved 1048576K
Event: 2316.650 GC heap after
Heap after GC invocations=20 (full 3):
 PSYoungGen      total 469504K, used 26043K [0x00000000e0000000, 0x0000000100000000, 0x0000000100000000)
  eden space 429568K, 0% used [0x00000000e0000000,0x00000000e0000000,0x00000000fa380000)
  from space 39936K, 65% used [0x00000000fa380000,0x00000000fbceeeb0,0x00000000fca80000)
  to   space 41472K, 0% used [0x00000000fd780000,0x00000000fd780000,0x0000000100000000)
 ParOldGen       total 81408K, used 57254K [0x00000000a0000000, 0x00000000a4f80000, 0x00000000e0000000)
  object space 81408K, 70% used [0x00000000a0000000,0x00000000a37e98e8,0x00000000a4f80000)
 Metaspace       used 94587K, capacity 98438K, committed 98600K, reserved 1134592K
  class space    used 12072K, capacity 12853K, committed 12952K, reserved 1048576K
}
Event: 2316.652 GC heap before
{Heap before GC invocations=21 (full 4):
 PSYoungGen      total 469504K, used 26043K [0x00000000e0000000, 0x0000000100000000, 0x0000000100000000)
  eden space 429568K, 0% used [0x00000000e0000000,0x00000000e0000000,0x00000000fa380000)
  from space 39936K, 65% used [0x00000000fa380000,0x00000000fbceeeb0,0x00000000fca80000)
  to   space 41472K, 0% used [0x00000000fd780000,0x00000000fd780000,0x0000000100000000)
 ParOldGen       total 81408K, used 57254K [0x00000000a0000000, 0x00000000a4f80000, 0x00000000e0000000)
  object space 81408K, 70% used [0x00000000a0000000,0x00000000a37e98e8,0x00000000a4f80000)
 Metaspace       used 94587K, capacity 98438K, committed 98600K, reserved 1134592K
  class space    used 12072K, capacity 12853K, committed 12952K, reserved 1048576K
Event: 2317.941 GC heap after
Heap after GC invocations=21 (full 4):
 PSYoungGen      total 469504K, used 0K [0x00000000e0000000, 0x0000000100000000, 0x0000000100000000)
  eden space 429568K, 0% used [0x00000000e0000000,0x00000000e0000000,0x00000000fa380000)
  from space 39936K, 0% used [0x00000000fa380000,0x00000000fa380000,0x00000000fca80000)
  to   space 41472K, 0% used [0x00000000fd780000,0x00000000fd780000,0x0000000100000000)
 ParOldGen       total 114176K, used 57358K [0x00000000a0000000, 0x00000000a6f80000, 0x00000000e0000000)
  object space 114176K, 50% used [0x00000000a0000000,0x00000000a3803a18,0x00000000a6f80000)
 Metaspace       used 93600K, capacity 96772K, committed 98600K, reserved 1134592K
  class space    used 11896K, capacity 12533K, committed 12952K, reserved 1048576K
}
Event: 2342.272 GC heap before
{Heap before GC invocations=22 (full 4):
 PSYoungGen      total 469504K, used 429568K [0x00000000e0000000, 0x0000000100000000, 0x0000000100000000)
  eden space 429568K, 100% used [0x00000000e0000000,0x00000000fa380000,0x00000000fa380000)
  from space 39936K, 0% used [0x00000000fa380000,0x00000000fa380000,0x00000000fca80000)
  to   space 41472K, 0% used [0x00000000fd780000,0x00000000fd780000,0x0000000100000000)
 ParOldGen       total 114176K, used 57358K [0x00000000a0000000, 0x00000000a6f80000, 0x00000000e0000000)
  object space 114176K, 50% used [0x00000000a0000000,0x00000000a3803a18,0x00000000a6f80000)
 Metaspace       used 134734K, capacity 139103K, committed 139672K, reserved 1171456K
  class space    used 17071K, capacity 17940K, committed 18072K, reserved 1048576K
Event: 2342.450 GC heap after
Heap after GC invocations=22 (full 4):
 PSYoungGen      total 462336K, used 41451K [0x00000000e0000000, 0x0000000100000000, 0x0000000100000000)
  eden space 420864K, 0% used [0x00000000e0000000,0x00000000e0000000,0x00000000f9b00000)
  from space 41472K, 99% used [0x00000000fd780000,0x00000000ffffad40,0x0000000100000000)
  to   space 51712K, 0% used [0x00000000f9b00000,0x00000000f9b00000,0x00000000fcd80000)
 ParOldGen       total 114176K, used 67047K [0x00000000a0000000, 0x00000000a6f80000, 0x00000000e0000000)
  object space 114176K, 58% used [0x00000000a0000000,0x00000000a4179fd8,0x00000000a6f80000)
 Metaspace       used 134734K, capacity 139103K, committed 139672K, reserved 1171456K
  class space    used 17071K, capacity 17940K, committed 18072K, reserved 1048576K
}
Event: 2350.387 GC heap before
{Heap before GC invocations=23 (full 4):
 PSYoungGen      total 462336K, used 462315K [0x00000000e0000000, 0x0000000100000000, 0x0000000100000000)
  eden space 420864K, 100% used [0x00000000e0000000,0x00000000f9b00000,0x00000000f9b00000)
  from space 41472K, 99% used [0x00000000fd780000,0x00000000ffffad40,0x0000000100000000)
  to   space 51712K, 0% used [0x00000000f9b00000,0x00000000f9b00000,0x00000000fcd80000)
 ParOldGen       total 114176K, used 67047K [0x00000000a0000000, 0x00000000a6f80000, 0x00000000e0000000)
  object space 114176K, 58% used [0x00000000a0000000,0x00000000a4179fd8,0x00000000a6f80000)
 Metaspace       used 135660K, capacity 140145K, committed 140568K, reserved 1171456K
  class space    used 17181K, capacity 18087K, committed 18200K, reserved 1048576K
Event: 2350.487 GC heap after
Heap after GC invocations=23 (full 4):
 PSYoungGen      total 472576K, used 22404K [0x00000000e0000000, 0x0000000100000000, 0x0000000100000000)
  eden space 420864K, 0% used [0x00000000e0000000,0x00000000e0000000,0x00000000f9b00000)
  from space 51712K, 43% used [0x00000000f9b00000,0x00000000fb0e1148,0x00000000fcd80000)
  to   space 49152K, 0% used [0x00000000fd000000,0x00000000fd000000,0x0000000100000000)
 ParOldGen       total 114176K, used 67047K [0x00000000a0000000, 0x00000000a6f80000, 0x00000000e0000000)
  object space 114176K, 58% used [0x00000000a0000000,0x00000000a4179fd8,0x00000000a6f80000)
 Metaspace       used 135660K, capacity 140145K, committed 140568K, reserved 1171456K
  class space    used 17181K, capacity 18087K, committed 18200K, reserved 1048576K
}

Deoptimization events (10 events):
Event: 2349.486 Thread 0x00000000193dd800 Uncommon trap: reason=unstable_if action=reinterpret pc=0x00000000061d9680 method=com.android.tools.r8.graph.d0.b(Lcom/android/tools/r8/graph/d0;)I @ 141
Event: 2349.491 Thread 0x00000000193dd800 Uncommon trap: reason=unloaded action=reinterpret pc=0x00000000061f6ce4 method=com.android.tools.r8.graph.DexValue.a(Lcom/android/tools/r8/graph/e0;)Lcom/android/tools/r8/graph/DexValue; @ 115
Event: 2349.574 Thread 0x00000000193dd800 Uncommon trap: reason=unstable_if action=reinterpret pc=0x00000000059582c8 method=java.util.TimSort.countRunAndMakeAscending([Ljava/lang/Object;IILjava/util/Comparator;)I @ 27
Event: 2349.757 Thread 0x00000000193d7800 Uncommon trap: reason=unstable_if action=reinterpret pc=0x0000000005ea0178 method=com.android.tools.r8.ir.regalloc.a.c(I)Lcom/android/tools/r8/ir/regalloc/a; @ 132
Event: 2349.764 Thread 0x00000000193d7800 Uncommon trap: reason=unstable_if action=reinterpret pc=0x0000000006660338 method=com.android.tools.r8.ir.optimize.I.a(Lcom/android/tools/r8/u/b/d0;)Z @ 171
Event: 2351.746 Thread 0x00000000193d7800 Uncommon trap: reason=unstable_if action=reinterpret pc=0x00000000066e8010 method=com.android.tools.r8.ir.regalloc.LinearScanRegisterAllocator.a(ILcom/android/tools/r8/ir/regalloc/g;ZLcom/android/tools/r8/ir/regalloc/g$a;)I @ 58
Event: 2353.335 Thread 0x00000000193d7800 Uncommon trap: reason=unstable_if action=reinterpret pc=0x00000000034dd0b0 method=java.util.HashMap.getNode(ILjava/lang/Object;)Ljava/util/HashMap$Node; @ 84
Event: 2355.892 Thread 0x00000000193dd800 Uncommon trap: reason=class_check action=maybe_recompile pc=0x00000000049514f0 method=com.android.tools.r8.u.a.h.e.b(Lcom/android/tools/r8/u/b/d0;)V @ 379
Event: 2356.369 Thread 0x00000000193dd800 Uncommon trap: reason=unstable_if action=reinterpret pc=0x00000000067e3f80 method=com.android.tools.r8.u.c.o.a(ILcom/android/tools/r8/u/c/M;)I @ 148
Event: 2358.193 Thread 0x00000000193d7800 Uncommon trap: reason=unstable_if action=reinterpret pc=0x00000000066438ec method=com.android.tools.r8.v.a.a.a.f.x0.a(ILjava/lang/Object;)Ljava/lang/Object; @ 8

Classes redefined (0 events):
No events

Internal exceptions (10 events):
Event: 2349.742 Thread 0x00000000193dd800 Exception <a 'sun/nio/fs/WindowsException'> (0x00000000f4338340) thrown at [D:\src\AOSP-openjdk-cygwin\jdk8u\hotspot\src\share\vm\prims\jni.cpp, line 710]
Event: 2350.594 Thread 0x00000000193dd800 Exception <a 'sun/nio/fs/WindowsException'> (0x00000000e0100e38) thrown at [D:\src\AOSP-openjdk-cygwin\jdk8u\hotspot\src\share\vm\prims\jni.cpp, line 710]
Event: 2351.746 Thread 0x00000000193dd800 Exception <a 'sun/nio/fs/WindowsException'> (0x00000000e3aa9f08) thrown at [D:\src\AOSP-openjdk-cygwin\jdk8u\hotspot\src\share\vm\prims\jni.cpp, line 710]
Event: 2353.411 Thread 0x00000000193dd800 Exception <a 'sun/nio/fs/WindowsException'> (0x00000000e3bc9108) thrown at [D:\src\AOSP-openjdk-cygwin\jdk8u\hotspot\src\share\vm\prims\jni.cpp, line 710]
Event: 2353.778 Thread 0x00000000193dd800 Exception <a 'sun/nio/fs/WindowsException'> (0x00000000e9f6c3a0) thrown at [D:\src\AOSP-openjdk-cygwin\jdk8u\hotspot\src\share\vm\prims\jni.cpp, line 710]
Event: 2353.872 Thread 0x00000000193d7800 Exception <a 'sun/nio/fs/WindowsException'> (0x00000000ea38ea38) thrown at [D:\src\AOSP-openjdk-cygwin\jdk8u\hotspot\src\share\vm\prims\jni.cpp, line 710]
Event: 2353.964 Thread 0x00000000193d7800 Exception <a 'sun/nio/fs/WindowsException'> (0x00000000ea723130) thrown at [D:\src\AOSP-openjdk-cygwin\jdk8u\hotspot\src\share\vm\prims\jni.cpp, line 710]
Event: 2354.477 Thread 0x00000000193d7800 Exception <a 'sun/nio/fs/WindowsException'> (0x00000000ebc7dbd8) thrown at [D:\src\AOSP-openjdk-cygwin\jdk8u\hotspot\src\share\vm\prims\jni.cpp, line 710]
Event: 2354.635 Thread 0x00000000193dd800 Exception <a 'sun/nio/fs/WindowsException'> (0x00000000ec61c2e8) thrown at [D:\src\AOSP-openjdk-cygwin\jdk8u\hotspot\src\share\vm\prims\jni.cpp, line 710]
Event: 2355.340 Thread 0x00000000193d7800 Exception <a 'sun/nio/fs/WindowsException'> (0x00000000f140c8d8) thrown at [D:\src\AOSP-openjdk-cygwin\jdk8u\hotspot\src\share\vm\prims\jni.cpp, line 710]

Events (10 events):
Event: 2358.331 Thread 0x00000000163e3000 flushing nmethod 0x0000000005b0c550
Event: 2358.331 Thread 0x00000000163e3000 flushing nmethod 0x0000000005c30550
Event: 2358.332 Thread 0x00000000163e3000 flushing nmethod 0x0000000005d1df10
Event: 2358.332 Thread 0x00000000163e3000 flushing nmethod 0x0000000005d1ed50
Event: 2358.332 Thread 0x00000000163e3000 flushing nmethod 0x0000000005d39f10
Event: 2358.332 Thread 0x00000000163e3000 flushing nmethod 0x0000000005d54350
Event: 2358.332 Thread 0x00000000163e3000 flushing nmethod 0x0000000005d5a3d0
Event: 2358.332 Thread 0x00000000163e3000 flushing nmethod 0x0000000005d7bd10
Event: 2358.332 Thread 0x00000000163e3000 flushing nmethod 0x0000000005d881d0
Event: 2358.332 Thread 0x00000000163e3000 flushing nmethod 0x0000000005d89310


Dynamic libraries:
0x00007ff694ed0000 - 0x00007ff694f01000 	C:\Program Files\Android\Android Studio\jre\bin\java.exe
0x00007ffec0a00000 - 0x00007ffec0bf0000 	C:\WINDOWS\SYSTEM32\ntdll.dll
0x00007ffebf1a0000 - 0x00007ffebf252000 	C:\WINDOWS\System32\KERNEL32.DLL
0x00007ffebde30000 - 0x00007ffebe0d4000 	C:\WINDOWS\System32\KERNELBASE.dll
0x00007ffebf8b0000 - 0x00007ffebf953000 	C:\WINDOWS\System32\ADVAPI32.dll
0x00007ffebf730000 - 0x00007ffebf7ce000 	C:\WINDOWS\System32\msvcrt.dll
0x00007ffec00f0000 - 0x00007ffec0187000 	C:\WINDOWS\System32\sechost.dll
0x00007ffec0410000 - 0x00007ffec0530000 	C:\WINDOWS\System32\RPCRT4.dll
0x00007ffebf9e0000 - 0x00007ffebfb74000 	C:\WINDOWS\System32\USER32.dll
0x00007ffebda90000 - 0x00007ffebdab1000 	C:\WINDOWS\System32\win32u.dll
0x00007ffec0530000 - 0x00007ffec0556000 	C:\WINDOWS\System32\GDI32.dll
0x00007ffebdac0000 - 0x00007ffebdc54000 	C:\WINDOWS\System32\gdi32full.dll
0x00007ffebe0e0000 - 0x00007ffebe17e000 	C:\WINDOWS\System32\msvcp_win.dll
0x00007ffebd990000 - 0x00007ffebda8a000 	C:\WINDOWS\System32\ucrtbase.dll
0x00007ffea08a0000 - 0x00007ffea0b24000 	C:\WINDOWS\WinSxS\amd64_microsoft.windows.common-controls_6595b64144ccf1df_6.0.18362.836_none_e6c4b943130f18ed\COMCTL32.dll
0x00007ffec0560000 - 0x00007ffec0896000 	C:\WINDOWS\System32\combase.dll
0x00007ffebe180000 - 0x00007ffebe200000 	C:\WINDOWS\System32\bcryptPrimitives.dll
0x00007ffebf880000 - 0x00007ffebf8ae000 	C:\WINDOWS\System32\IMM32.DLL
0x0000000055070000 - 0x0000000055142000 	C:\Program Files\Android\Android Studio\jre\jre\bin\msvcr100.dll
0x0000000055260000 - 0x0000000055aa6000 	C:\Program Files\Android\Android Studio\jre\jre\bin\server\jvm.dll
0x00007ffec0050000 - 0x00007ffec0058000 	C:\WINDOWS\System32\PSAPI.DLL
0x00007ffeb4060000 - 0x00007ffeb4069000 	C:\WINDOWS\SYSTEM32\WSOCK32.dll
0x00007ffec0950000 - 0x00007ffec09bf000 	C:\WINDOWS\System32\WS2_32.dll
0x00007ffeb41c0000 - 0x00007ffeb41e4000 	C:\WINDOWS\SYSTEM32\WINMM.dll
0x00007ffeb61d0000 - 0x00007ffeb61da000 	C:\WINDOWS\SYSTEM32\VERSION.dll
0x00007ffeb4190000 - 0x00007ffeb41bd000 	C:\WINDOWS\SYSTEM32\WINMMBASE.dll
0x00007ffebea60000 - 0x00007ffebeaaa000 	C:\WINDOWS\System32\cfgmgr32.dll
0x00007ffeb3ac0000 - 0x00007ffeb3acf000 	C:\Program Files\Android\Android Studio\jre\jre\bin\verify.dll
0x00007ffeb38c0000 - 0x00007ffeb38e9000 	C:\Program Files\Android\Android Studio\jre\jre\bin\java.dll
0x00007ffea8dc0000 - 0x00007ffea8dd6000 	C:\Program Files\Android\Android Studio\jre\jre\bin\zip.dll
0x00007ffebeab0000 - 0x00007ffebf194000 	C:\WINDOWS\System32\SHELL32.dll
0x00007ffec08a0000 - 0x00007ffec0949000 	C:\WINDOWS\System32\shcore.dll
0x00007ffebe200000 - 0x00007ffebe97e000 	C:\WINDOWS\System32\windows.storage.dll
0x00007ffebd960000 - 0x00007ffebd983000 	C:\WINDOWS\System32\profapi.dll
0x00007ffebd8f0000 - 0x00007ffebd93a000 	C:\WINDOWS\System32\powrprof.dll
0x00007ffebd8c0000 - 0x00007ffebd8d0000 	C:\WINDOWS\System32\UMPDC.dll
0x00007ffebfb90000 - 0x00007ffebfbe2000 	C:\WINDOWS\System32\shlwapi.dll
0x00007ffebd940000 - 0x00007ffebd951000 	C:\WINDOWS\System32\kernel.appcore.dll
0x00007ffebde10000 - 0x00007ffebde27000 	C:\WINDOWS\System32\cryptsp.dll
0x00007ffea8da0000 - 0x00007ffea8dba000 	C:\Program Files\Android\Android Studio\jre\jre\bin\net.dll
0x00007ffeb02c0000 - 0x00007ffeb0496000 	C:\WINDOWS\SYSTEM32\urlmon.dll
0x00007ffeb0c20000 - 0x00007ffeb0ec6000 	C:\WINDOWS\SYSTEM32\iertutil.dll
0x00007ffebd2a0000 - 0x00007ffebd2ac000 	C:\WINDOWS\SYSTEM32\CRYPTBASE.DLL
0x00007ffebd0d0000 - 0x00007ffebd137000 	C:\WINDOWS\system32\mswsock.dll
0x00007ffea8d80000 - 0x00007ffea8d93000 	C:\Program Files\Android\Android Studio\jre\jre\bin\nio.dll
0x00007ffea0740000 - 0x00007ffea0766000 	C:\Users\christ\.gradle\native\30\windows-amd64\native-platform.dll
0x00007ffeb3ab0000 - 0x00007ffeb3abd000 	C:\Program Files\Android\Android Studio\jre\jre\bin\management.dll
0x00007ffebcc40000 - 0x00007ffebcc73000 	C:\WINDOWS\system32\rsaenh.dll
0x00007ffebea30000 - 0x00007ffebea56000 	C:\WINDOWS\System32\bcrypt.dll
0x00007ffebd7b0000 - 0x00007ffebd7d5000 	C:\WINDOWS\SYSTEM32\USERENV.dll
0x00007ffebcde0000 - 0x00007ffebce1a000 	C:\WINDOWS\SYSTEM32\IPHLPAPI.DLL
0x00007ffebfb80000 - 0x00007ffebfb88000 	C:\WINDOWS\System32\NSI.dll
0x00007ffeb53a0000 - 0x00007ffeb53b6000 	C:\WINDOWS\SYSTEM32\dhcpcsvc6.DLL
0x00007ffeb63f0000 - 0x00007ffeb640c000 	C:\WINDOWS\SYSTEM32\dhcpcsvc.DLL
0x00007ffebce20000 - 0x00007ffebceeb000 	C:\WINDOWS\SYSTEM32\DNSAPI.dll
0x00007ffea7af0000 - 0x00007ffea7b14000 	C:\Program Files\Android\Android Studio\jre\jre\bin\sunec.dll
0x00007ffeb3cf0000 - 0x00007ffeb3cfa000 	C:\Windows\System32\rasadhlp.dll
0x00007ffeb48d0000 - 0x00007ffeb4947000 	C:\WINDOWS\System32\fwpuclnt.dll
0x00007ffeb8cc0000 - 0x00007ffeb8ccb000 	C:\Program Files\Android\Android Studio\jre\jre\bin\sunmscapi.dll
0x00007ffebdc60000 - 0x00007ffebdda9000 	C:\WINDOWS\System32\CRYPT32.dll
0x00007ffebd8d0000 - 0x00007ffebd8e2000 	C:\WINDOWS\System32\MSASN1.dll
0x00007ffebc920000 - 0x00007ffebc951000 	C:\WINDOWS\SYSTEM32\ntmarta.dll

VM Arguments:
jvm_args: -Xmx1536m -Dfile.encoding=windows-1252 -Duser.country=FR -Duser.language=fr -Duser.variant 
java_command: org.gradle.launcher.daemon.bootstrap.GradleDaemon 5.6.4
java_class_path (initial): C:\Users\christ\.gradle\wrapper\dists\gradle-5.6.4-all\ankdp27end7byghfw1q2sw75f\gradle-5.6.4\lib\gradle-launcher-5.6.4.jar
Launcher Type: SUN_STANDARD

Environment Variables:
PATH=C:\WINDOWS\system32;C:\WINDOWS;C:\WINDOWS\System32\Wbem;C:\WINDOWS\System32\WindowsPowerShell\v1.0\;C:\WINDOWS\System32\OpenSSH\;C:\Users\christ\AppData\Local\Microsoft\WindowsApps
USERNAME=christ
OS=Windows_NT
PROCESSOR_IDENTIFIER=Intel64 Family 6 Model 122 Stepping 1, GenuineIntel



---------------  S Y S T E M  ---------------

OS: Windows 10.0 , 64 bit Build 18362 (10.0.18362.778)

CPU:total 2 (initial active 2) (2 cores per cpu, 1 threads per core) family 6 model 122 stepping 1, cmov, cx8, fxsr, mmx, sse, sse2, sse3, ssse3, sse4.1, sse4.2, popcnt, aes, clmul, erms, 3dnowpref, tsc, tscinvbit

Memory: 4k page, physical 4011984k(196796k free), swap 10756684k(876k free)

vm_info: OpenJDK 64-Bit Server VM (25.212-b04) for windows-amd64 JRE (1.8.0_212-release-1586-b04), built by "builder" with MS VC++ 10.0 (VS2010)

time: Tue May 19 04:30:17 2020
timezone: São Tomé (heure standard)
elapsed time: 2358 seconds (0d 0h 39m 18s)

